#
# A fatal error has been detected by the Java Runtime Environment:
#
#  EXCEPTION_ACCESS_VIOLATION (0xc0000005) at pc=0x78aa1ed7, pid=2352, tid=0x00000e84
#
# JRE version: Java(TM) SE Runtime Environment (8.0_92-b14) (build 1.8.0_92-b14)
# Java VM: Java HotSpot(TM) Client VM (25.92-b14 mixed mode windows-x86 )
# Problematic frame:
# C  [msvcr100.dll+0x1ed7]
#
# Failed to write core dump. Minidumps are not enabled by default on client versions of Windows
#
# If you would like to submit a bug report, please visit:
#   http://bugreport.java.com/bugreport/crash.jsp
# The crash happened outside the Java Virtual Machine in native code.
# See problematic frame for where to report the bug.
#

---------------  T H R E A D  ---------------

Current thread (0x039f3400):  JavaThread "cc.arduino.packages.discoverers.network.NetworkChecker" [_thread_in_native, id=3716, stack(0x03de0000,0x03e30000)]

siginfo: ExceptionCode=0xc0000005, reading address 0x053d4000

Registers:
EAX=0x053d4004, EBX=0x00000000, ECX=0x00000001, EDX=0x00000000
ESP=0x03e2f7a4, EBP=0x03e2f7ac, ESI=0x053d4000, EDI=0x03ac0864
EIP=0x78aa1ed7, EFLAGS=0x00010206

Top of Stack: (sp=0x03e2f7a4)
0x03e2f7a4:   053d3e8c 00000178 03e2f7d8 6feb4f8b
0x03e2f7b4:   03ac06f0 053d3e8c 00000178 039f3400
0x03e2f7c4:   03325370 03325301 03ac06f0 000004e0
0x03e2f7d4:   053d3b00 03e2f820 6feb5410 039f3540
0x03e2f7e4:   00000001 03325378 00cdbf93 039f3540
0x03e2f7f4:   03e2f828 03e2f834 00000001 03e2f800
0x03e2f804:   00000000 03e2f834 03325ab8 00000000
0x03e2f814:   03325378 00000000 03e2f830 03e2f858 

Instructions: (pc=0x78aa1ed7)
0x78aa1eb7:   e6 0f 3b fe 5e 5f 75 05 e9 35 eb 00 00 f7 c7 03
0x78aa1ec7:   00 00 00 75 14 c1 e9 02 83 e2 03 83 f9 08 72 29
0x78aa1ed7:   f3 a5 ff 24 95 f0 1f aa 78 8b c7 ba 03 00 00 00
0x78aa1ee7:   83 e9 04 72 0c 83 e0 03 03 c8 ff 24 85 04 1f aa 


Register to memory mapping:

EAX=0x053d4004 is an unknown value
EBX=0x00000000 is an unknown value
ECX=0x00000001 is an unknown value
EDX=0x00000000 is an unknown value
ESP=0x03e2f7a4 is pointing into the stack for thread: 0x039f3400
EBP=0x03e2f7ac is pointing into the stack for thread: 0x039f3400
ESI=0x053d4000 is an unknown value
EDI=0x03ac0864 is an unknown value


Stack: [0x03de0000,0x03e30000],  sp=0x03e2f7a4,  free space=317k
Native frames: (J=compiled Java code, j=interpreted, Vv=VM code, C=native code)
C  [msvcr100.dll+0x1ed7]
C  [net.dll+0x4f8b]
C  [net.dll+0x5410]
j  java.net.NetworkInterface.supportsMulticast()Z+8
j  sun.reflect.GeneratedMethodAccessor28.invoke(Ljava/lang/Object;[Ljava/lang/Object;)Ljava/lang/Object;+40
J 460 C1 sun.reflect.DelegatingMethodAccessorImpl.invoke(Ljava/lang/Object;[Ljava/lang/Object;)Ljava/lang/Object; (10 bytes) @ 0x00e0cc00 [0x00e0cbd0+0x30]
J 459 C1 java.lang.reflect.Method.invoke(Ljava/lang/Object;[Ljava/lang/Object;)Ljava/lang/Object; (62 bytes) @ 0x00e0c914 [0x00e0c840+0xd4]
j  javax.jmdns.impl.NetworkTopologyDiscoveryImpl.useInetAddress(Ljava/net/NetworkInterface;Ljava/net/InetAddress;)Z+50
j  javax.jmdns.impl.NetworkTopologyDiscoveryImpl.getInetAddresses()[Ljava/net/InetAddress;+110
j  cc.arduino.packages.discoverers.network.NetworkChecker.run()V+12
j  java.util.TimerThread.mainLoop()V+221
j  java.util.TimerThread.run()V+1
v  ~StubRoutines::call_stub
V  [jvm.dll+0x159775]
V  [jvm.dll+0x21f4ae]
V  [jvm.dll+0x15980e]
V  [jvm.dll+0x159996]
V  [jvm.dll+0x159a07]
V  [jvm.dll+0xfde4f]
V  [jvm.dll+0x17cadc]
V  [jvm.dll+0x17cbca]
V  [jvm.dll+0x1c1376]
C  [msvcr100.dll+0x5c556]
C  [msvcr100.dll+0x5c600]
C  [kernel32.dll+0xb729]
C  0x00000000

Java frames: (J=compiled Java code, j=interpreted, Vv=VM code)
j  java.net.NetworkInterface.supportsMulticast0(Ljava/lang/String;I)Z+0
j  java.net.NetworkInterface.supportsMulticast()Z+8
j  sun.reflect.GeneratedMethodAccessor28.invoke(Ljava/lang/Object;[Ljava/lang/Object;)Ljava/lang/Object;+40
J 460 C1 sun.reflect.DelegatingMethodAccessorImpl.invoke(Ljava/lang/Object;[Ljava/lang/Object;)Ljava/lang/Object; (10 bytes) @ 0x00e0cc00 [0x00e0cbd0+0x30]
J 459 C1 java.lang.reflect.Method.invoke(Ljava/lang/Object;[Ljava/lang/Object;)Ljava/lang/Object; (62 bytes) @ 0x00e0c914 [0x00e0c840+0xd4]
j  javax.jmdns.impl.NetworkTopologyDiscoveryImpl.useInetAddress(Ljava/net/NetworkInterface;Ljava/net/InetAddress;)Z+50
j  javax.jmdns.impl.NetworkTopologyDiscoveryImpl.getInetAddresses()[Ljava/net/InetAddress;+110
j  cc.arduino.packages.discoverers.network.NetworkChecker.run()V+12
j  java.util.TimerThread.mainLoop()V+221
j  java.util.TimerThread.run()V+1
v  ~StubRoutines::call_stub

---------------  P R O C E S S  ---------------

Java Threads: ( => current thread )
  0x003c8c00 JavaThread "DestroyJavaVM" [_thread_blocked, id=3544, stack(0x00960000,0x009b0000)]
  0x03bdb000 JavaThread "AWT-EventQueue-0" [_thread_blocked, id=1656, stack(0x06380000,0x063d0000)]
  0x03bda000 JavaThread "AWT-Shutdown" [_thread_blocked, id=1592, stack(0x06330000,0x06380000)]
  0x0565e400 JavaThread "TimerQueue" daemon [_thread_blocked, id=336, stack(0x061e0000,0x06230000)]
  0x05237800 JavaThread "Batik CleanerThread" daemon [_thread_blocked, id=4064, stack(0x05f40000,0x05f90000)]
  0x03a50c00 JavaThread "JmDNS(10-248-183-0.local.).Timer" daemon [_thread_blocked, id=3728, stack(0x04af0000,0x04b40000)]
  0x03a4a800 JavaThread "JmDNS(10-248-183-0.local.).State.Timer" [_thread_blocked, id=2984, stack(0x04aa0000,0x04af0000)]
  0x03a49800 JavaThread "JmDNS(10-248-183-0.local.).Timer" daemon [_thread_blocked, id=3252, stack(0x04a50000,0x04aa0000)]
  0x03a47000 JavaThread "SocketListener(10-248-183-0.local.)" daemon [_thread_in_native, id=2164, stack(0x04a00000,0x04a50000)]
  0x03a36000 JavaThread "cc.arduino.packages.discoverers.network.BoardReachabilityFilter" [_thread_blocked, id=3700, stack(0x03e30000,0x03e80000)]
=>0x039f3400 JavaThread "cc.arduino.packages.discoverers.network.NetworkChecker" [_thread_in_native, id=3716, stack(0x03de0000,0x03e30000)]
  0x03a0fc00 JavaThread "cc.arduino.packages.discoverers.serial.SerialBoardsLister" [_thread_blocked, id=3680, stack(0x03d90000,0x03de0000)]
  0x039ea400 JavaThread "AWT-Windows" daemon [_thread_in_native, id=3668, stack(0x03d40000,0x03d90000)]
  0x039e6800 JavaThread "Java2D Disposer" daemon [_thread_blocked, id=3720, stack(0x03ca0000,0x03cf0000)]
  0x03437000 JavaThread "Service Thread" daemon [_thread_blocked, id=3692, stack(0x03800000,0x03850000)]
  0x03432400 JavaThread "C1 CompilerThread0" daemon [_thread_blocked, id=3644, stack(0x037b0000,0x03800000)]
  0x03431000 JavaThread "Attach Listener" daemon [_thread_blocked, id=2088, stack(0x03760000,0x037b0000)]
  0x0342e000 JavaThread "Signal Dispatcher" daemon [_thread_blocked, id=3616, stack(0x03710000,0x03760000)]
  0x00aaf400 JavaThread "Finalizer" daemon [_thread_blocked, id=3380, stack(0x03610000,0x03660000)]
  0x00aadc00 JavaThread "Reference Handler" daemon [_thread_blocked, id=3640, stack(0x033c0000,0x03410000)]

Other Threads:
  0x00aa9000 VMThread [stack: 0x03370000,0x033c0000] [id=3576]
  0x0345fc00 WatcherThread [stack: 0x03850000,0x038a0000] [id=2368]

VM state:not at safepoint (normal execution)

VM Mutex/Monitor currently owned by a thread: None

Heap:
 def new generation   total 39424K, used 35597K [0x10200000, 0x12cc0000, 0x1aca0000)
  eden space 35072K,  93% used [0x10200000, 0x121e5008, 0x12440000)
  from space 4352K,  67% used [0x12440000, 0x1271e718, 0x12880000)
  to   space 4352K,   0% used [0x12880000, 0x12880000, 0x12cc0000)
 tenured generation   total 87424K, used 21523K [0x1aca0000, 0x20200000, 0x30200000)
   the space 87424K,  24% used [0x1aca0000, 0x1c1a4e58, 0x1c1a5000, 0x20200000)
 Metaspace       used 18446K, capacity 18876K, committed 18944K, reserved 19840K

Card table byte_map: [0x02d50000,0x02e60000] byte_map_base: 0x02ccf000

Polling page: 0x003f0000

CodeCache: size=32768Kb used=3001Kb max_used=3356Kb free=29766Kb
 bounds [0x00cd0000, 0x01018000, 0x02cd0000]
 total_blobs=1800 nmethods=1527 adapters=202
 compilation: enabled

Compilation events (10 events):
Event: 612.104 Thread 0x03432400 2502             cc.arduino.contributions.DownloadableContribution::isInstalled (5 bytes)
Event: 612.104 Thread 0x03432400 nmethod 2502 0x00e84008 code [0x00e84100, 0x00e84180]
Event: 612.105 Thread 0x03432400 2503             java.util.Arrays::copyOf (13 bytes)
Event: 612.105 Thread 0x03432400 nmethod 2503 0x00e83e08 code [0x00e83f00, 0x00e83f8c]
Event: 612.107 Thread 0x03432400 2504             java.io.File::list (83 bytes)
Event: 612.107 Thread 0x03432400 nmethod 2504 0x00e83548 code [0x00e836b0, 0x00e83a68]
Event: 612.111 Thread 0x03432400 2505             java.util.HashMap::putMapEntries (154 bytes)
Event: 612.111 Thread 0x03432400 nmethod 2505 0x00e82e08 code [0x00e82fc0, 0x00e832a4]
Event: 612.112 Thread 0x03432400 2506             java.util.regex.Pattern::sequence (553 bytes)
Event: 612.114 Thread 0x03432400 nmethod 2506 0x00e80fc8 code [0x00e81260, 0x00e81e94]

GC Heap History (10 events):
Event: 18.994 GC heap before
{Heap before GC invocations=0 (full 0):
 def new generation   total 39296K, used 34944K [0x10200000, 0x12ca0000, 0x1aca0000)
  eden space 34944K, 100% used [0x10200000, 0x12420000, 0x12420000)
  from space 4352K,   0% used [0x12420000, 0x12420000, 0x12860000)
  to   space 4352K,   0% used [0x12860000, 0x12860000, 0x12ca0000)
 tenured generation   total 87424K, used 0K [0x1aca0000, 0x20200000, 0x30200000)
   the space 87424K,   0% used [0x1aca0000, 0x1aca0000, 0x1aca0200, 0x20200000)
 Metaspace       used 9915K, capacity 10092K, committed 10240K, reserved 10624K
Event: 19.043 GC heap after
Heap after GC invocations=1 (full 0):
 def new generation   total 39296K, used 4352K [0x10200000, 0x12ca0000, 0x1aca0000)
  eden space 34944K,   0% used [0x10200000, 0x10200000, 0x12420000)
  from space 4352K, 100% used [0x12860000, 0x12ca0000, 0x12ca0000)
  to   space 4352K,   0% used [0x12420000, 0x12420000, 0x12860000)
 tenured generation   total 87424K, used 2590K [0x1aca0000, 0x20200000, 0x30200000)
   the space 87424K,   2% used [0x1aca0000, 0x1af27898, 0x1af27a00, 0x20200000)
 Metaspace       used 9915K, capacity 10092K, committed 10240K, reserved 10624K
}
Event: 30.124 GC heap before
{Heap before GC invocations=1 (full 0):
 def new generation   total 39296K, used 39296K [0x10200000, 0x12ca0000, 0x1aca0000)
  eden space 34944K, 100% used [0x10200000, 0x12420000, 0x12420000)
  from space 4352K, 100% used [0x12860000, 0x12ca0000, 0x12ca0000)
  to   space 4352K,   0% used [0x12420000, 0x12420000, 0x12860000)
 tenured generation   total 87424K, used 2590K [0x1aca0000, 0x20200000, 0x30200000)
   the space 87424K,   2% used [0x1aca0000, 0x1af27898, 0x1af27a00, 0x20200000)
 Metaspace       used 11380K, capacity 11742K, committed 11776K, reserved 12672K
Event: 30.232 GC heap after
Heap after GC invocations=2 (full 0):
 def new generation   total 39296K, used 4352K [0x10200000, 0x12ca0000, 0x1aca0000)
  eden space 34944K,   0% used [0x10200000, 0x10200000, 0x12420000)
  from space 4352K, 100% used [0x12420000, 0x12860000, 0x12860000)
  to   space 4352K,   0% used [0x12860000, 0x12860000, 0x12ca0000)
 tenured generation   total 87424K, used 7673K [0x1aca0000, 0x20200000, 0x30200000)
   the space 87424K,   8% used [0x1aca0000, 0x1b41e4f0, 0x1b41e600, 0x20200000)
 Metaspace       used 11380K, capacity 11742K, committed 11776K, reserved 12672K
}
Event: 33.069 GC heap before
{Heap before GC invocations=2 (full 0):
 def new generation   total 39296K, used 15466K [0x10200000, 0x12ca0000, 0x1aca0000)
  eden space 34944K,  31% used [0x10200000, 0x10cdaad8, 0x12420000)
  from space 4352K, 100% used [0x12420000, 0x12860000, 0x12860000)
  to   space 4352K,   0% used [0x12860000, 0x12860000, 0x12ca0000)
 tenured generation   total 87424K, used 7673K [0x1aca0000, 0x20200000, 0x30200000)
   the space 87424K,   8% used [0x1aca0000, 0x1b41e4f0, 0x1b41e600, 0x20200000)
 Metaspace       used 11917K, capacity 12264K, committed 12288K, reserved 12672K
Event: 33.225 GC heap after
Heap after GC invocations=3 (full 1):
 def new generation   total 39424K, used 0K [0x10200000, 0x12cc0000, 0x1aca0000)
  eden space 35072K,   0% used [0x10200000, 0x10200000, 0x12440000)
  from space 4352K,   0% used [0x12440000, 0x12440000, 0x12880000)
  to   space 4352K,   0% used [0x12880000, 0x12880000, 0x12cc0000)
 tenured generation   total 87424K, used 12527K [0x1aca0000, 0x20200000, 0x30200000)
   the space 87424K,  14% used [0x1aca0000, 0x1b8dbda8, 0x1b8dbe00, 0x20200000)
 Metaspace       used 11917K, capacity 12264K, committed 12288K, reserved 12672K
}
Event: 52.973 GC heap before
{Heap before GC invocations=3 (full 1):
 def new generation   total 39424K, used 35072K [0x10200000, 0x12cc0000, 0x1aca0000)
  eden space 35072K, 100% used [0x10200000, 0x12440000, 0x12440000)
  from space 4352K,   0% used [0x12440000, 0x12440000, 0x12880000)
  to   space 4352K,   0% used [0x12880000, 0x12880000, 0x12cc0000)
 tenured generation   total 87424K, used 12527K [0x1aca0000, 0x20200000, 0x30200000)
   the space 87424K,  14% used [0x1aca0000, 0x1b8dbda8, 0x1b8dbe00, 0x20200000)
 Metaspace       used 16955K, capacity 17359K, committed 17408K, reserved 17792K
Event: 52.993 GC heap after
Heap after GC invocations=4 (full 1):
 def new generation   total 39424K, used 4352K [0x10200000, 0x12cc0000, 0x1aca0000)
  eden space 35072K,   0% used [0x10200000, 0x10200000, 0x12440000)
  from space 4352K, 100% used [0x12880000, 0x12cc0000, 0x12cc0000)
  to   space 4352K,   0% used [0x12440000, 0x12440000, 0x12880000)
 tenured generation   total 87424K, used 14740K [0x1aca0000, 0x20200000, 0x30200000)
   the space 87424K,  16% used [0x1aca0000, 0x1bb05148, 0x1bb05200, 0x20200000)
 Metaspace       used 16955K, capacity 17359K, committed 17408K, reserved 17792K
}
Event: 461.106 GC heap before
{Heap before GC invocations=4 (full 1):
 def new generation   total 39424K, used 39424K [0x10200000, 0x12cc0000, 0x1aca0000)
  eden space 35072K, 100% used [0x10200000, 0x12440000, 0x12440000)
  from space 4352K, 100% used [0x12880000, 0x12cc0000, 0x12cc0000)
  to   space 4352K,   0% used [0x12440000, 0x12440000, 0x12880000)
 tenured generation   total 87424K, used 14740K [0x1aca0000, 0x20200000, 0x30200000)
   the space 87424K,  16% used [0x1aca0000, 0x1bb05148, 0x1bb05200, 0x20200000)
 Metaspace       used 18313K, capacity 18750K, committed 18816K, reserved 18816K
Event: 461.160 GC heap after
Heap after GC invocations=5 (full 1):
 def new generation   total 39424K, used 2937K [0x10200000, 0x12cc0000, 0x1aca0000)
  eden space 35072K,   0% used [0x10200000, 0x10200000, 0x12440000)
  from space 4352K,  67% used [0x12440000, 0x1271e718, 0x12880000)
  to   space 4352K,   0% used [0x12880000, 0x12880000, 0x12cc0000)
 tenured generation   total 87424K, used 21523K [0x1aca0000, 0x20200000, 0x30200000)
   the space 87424K,  24% used [0x1aca0000, 0x1c1a4e58, 0x1c1a5000, 0x20200000)
 Metaspace       used 18313K, capacity 18750K, committed 18816K, reserved 18816K
}

Deoptimization events (0 events):
No events

Internal exceptions (10 events):
Event: 612.100 Thread 0x0516e000 Exception <a 'sun/nio/fs/WindowsException'> (0x1218d1c8) thrown at [C:\workspace\8-2-build-windows-i586-cygwin\jdk8u92\6642\hotspot\src\share\vm\prims\jni.cpp, line 709]
Event: 612.100 Thread 0x0516e000 Exception <a 'sun/nio/fs/WindowsException'> (0x1218d7a8) thrown at [C:\workspace\8-2-build-windows-i586-cygwin\jdk8u92\6642\hotspot\src\share\vm\prims\jni.cpp, line 709]
Event: 612.100 Thread 0x0516e000 Exception <a 'sun/nio/fs/WindowsException'> (0x12197370) thrown at [C:\workspace\8-2-build-windows-i586-cygwin\jdk8u92\6642\hotspot\src\share\vm\prims\jni.cpp, line 709]
Event: 612.101 Thread 0x0516e000 Exception <a 'sun/nio/fs/WindowsException'> (0x12197928) thrown at [C:\workspace\8-2-build-windows-i586-cygwin\jdk8u92\6642\hotspot\src\share\vm\prims\jni.cpp, line 709]
Event: 612.101 Thread 0x0516e000 Exception <a 'sun/nio/fs/WindowsException'> (0x121a1d50) thrown at [C:\workspace\8-2-build-windows-i586-cygwin\jdk8u92\6642\hotspot\src\share\vm\prims\jni.cpp, line 709]
Event: 612.101 Thread 0x0516e000 Exception <a 'sun/nio/fs/WindowsException'> (0x121a2380) thrown at [C:\workspace\8-2-build-windows-i586-cygwin\jdk8u92\6642\hotspot\src\share\vm\prims\jni.cpp, line 709]
Event: 612.102 Thread 0x0516e000 Exception <a 'sun/nio/fs/WindowsException'> (0x121ac570) thrown at [C:\workspace\8-2-build-windows-i586-cygwin\jdk8u92\6642\hotspot\src\share\vm\prims\jni.cpp, line 709]
Event: 612.102 Thread 0x0516e000 Exception <a 'sun/nio/fs/WindowsException'> (0x121acb28) thrown at [C:\workspace\8-2-build-windows-i586-cygwin\jdk8u92\6642\hotspot\src\share\vm\prims\jni.cpp, line 709]
Event: 612.102 Thread 0x0516e000 Exception <a 'sun/nio/fs/WindowsException'> (0x121b6998) thrown at [C:\workspace\8-2-build-windows-i586-cygwin\jdk8u92\6642\hotspot\src\share\vm\prims\jni.cpp, line 709]
Event: 612.102 Thread 0x0516e000 Exception <a 'sun/nio/fs/WindowsException'> (0x121b6f68) thrown at [C:\workspace\8-2-build-windows-i586-cygwin\jdk8u92\6642\hotspot\src\share\vm\prims\jni.cpp, line 709]

Events (10 events):
Event: 611.956 Thread 0x03432400 flushing nmethod 0x00efc6c8
Event: 611.956 Thread 0x03432400 flushing nmethod 0x00efcb88
Event: 612.111 Executing VM operation: RevokeBias
Event: 612.111 Executing VM operation: RevokeBias done
Event: 612.111 Thread 0x0516e000 Thread exited: 0x0516e000
Event: 612.114 Thread 0x03432400 flushing nmethod 0x00e94c08
Event: 612.114 Thread 0x03432400 flushing nmethod 0x00e94f48
Event: 612.114 Thread 0x03432400 flushing nmethod 0x00e95108
Event: 612.114 Thread 0x03432400 flushing nmethod 0x00e952c8
Event: 612.115 Thread 0x03432400 flushing nmethod 0x00efcf08


Dynamic libraries:
0x00400000 - 0x00433000 	C:\Program Files\Arduino\java\bin\javaw.exe
0x7c900000 - 0x7c9b2000 	C:\WINDOWS\system32\ntdll.dll
0x7c800000 - 0x7c8f6000 	C:\WINDOWS\system32\kernel32.dll
0x77dd0000 - 0x77e6b000 	C:\WINDOWS\system32\ADVAPI32.dll
0x77e70000 - 0x77f03000 	C:\WINDOWS\system32\RPCRT4.dll
0x77fe0000 - 0x77ff1000 	C:\WINDOWS\system32\Secur32.dll
0x7e410000 - 0x7e4a1000 	C:\WINDOWS\system32\USER32.dll
0x77f10000 - 0x77f59000 	C:\WINDOWS\system32\GDI32.dll
0x773d0000 - 0x774d3000 	C:\WINDOWS\WinSxS\x86_Microsoft.Windows.Common-Controls_6595b64144ccf1df_6.0.2600.6028_x-ww_61e65202\COMCTL32.dll
0x77c10000 - 0x77c68000 	C:\WINDOWS\system32\msvcrt.dll
0x77f60000 - 0x77fd6000 	C:\WINDOWS\system32\SHLWAPI.dll
0x76390000 - 0x763ad000 	C:\WINDOWS\system32\IMM32.DLL
0x78aa0000 - 0x78b5f000 	C:\Program Files\Arduino\java\bin\msvcr100.dll
0x6d160000 - 0x6d52b000 	C:\Program Files\Arduino\java\bin\client\jvm.dll
0x71ad0000 - 0x71ad9000 	C:\WINDOWS\system32\WSOCK32.dll
0x71ab0000 - 0x71ac7000 	C:\WINDOWS\system32\WS2_32.dll
0x71aa0000 - 0x71aa8000 	C:\WINDOWS\system32\WS2HELP.dll
0x76b40000 - 0x76b6d000 	C:\WINDOWS\system32\WINMM.dll
0x77c00000 - 0x77c08000 	C:\WINDOWS\system32\VERSION.dll
0x76bf0000 - 0x76bfb000 	C:\WINDOWS\system32\PSAPI.DLL
0x6ff80000 - 0x6ffb1000 	C:\Program Files\Arduino\java\bin\splashscreen.dll
0x5ad70000 - 0x5ada8000 	C:\WINDOWS\system32\uxtheme.dll
0x700d0000 - 0x700dc000 	C:\Program Files\Arduino\java\bin\verify.dll
0x6da30000 - 0x6da51000 	C:\Program Files\Arduino\java\bin\java.dll
0x74720000 - 0x7476c000 	C:\WINDOWS\system32\MSCTF.dll
0x10000000 - 0x10024000 	C:\WINDOWS\system32\igfxdo.dll
0x774e0000 - 0x7761e000 	C:\WINDOWS\system32\ole32.dll
0x77120000 - 0x771ab000 	C:\WINDOWS\system32\OLEAUT32.dll
0x755c0000 - 0x755ee000 	C:\WINDOWS\system32\msctfime.ime
0x70160000 - 0x70173000 	C:\Program Files\Arduino\java\bin\zip.dll
0x7c9c0000 - 0x7d1d7000 	C:\WINDOWS\system32\SHELL32.dll
0x769c0000 - 0x76a74000 	C:\WINDOWS\system32\USERENV.dll
0x6d000000 - 0x6d145000 	C:\Program Files\Arduino\java\bin\awt.dll
0x6feb0000 - 0x6fec6000 	C:\Program Files\Arduino\java\bin\net.dll
0x76d60000 - 0x76d79000 	C:\WINDOWS\system32\IPHLPAPI.DLL
0x76d40000 - 0x76d58000 	C:\WINDOWS\system32\MPRAPI.dll
0x77cc0000 - 0x77cf2000 	C:\WINDOWS\system32\ACTIVEDS.dll
0x76e10000 - 0x76e35000 	C:\WINDOWS\system32\adsldpc.dll
0x5b860000 - 0x5b8b5000 	C:\WINDOWS\system32\NETAPI32.dll
0x76f60000 - 0x76f8c000 	C:\WINDOWS\system32\WLDAP32.dll
0x76b20000 - 0x76b31000 	C:\WINDOWS\system32\ATL.DLL
0x76e80000 - 0x76e8e000 	C:\WINDOWS\system32\rtutils.dll
0x71bf0000 - 0x71c03000 	C:\WINDOWS\system32\SAMLIB.dll
0x77920000 - 0x77a13000 	C:\WINDOWS\system32\SETUPAPI.dll
0x61740000 - 0x6176c000 	C:\Program Files\Arduino\lib\listSerialsj.dll
0x77d00000 - 0x77d33000 	C:\WINDOWS\system32\netman.dll
0x76400000 - 0x765a5000 	C:\WINDOWS\system32\netshell.dll
0x76c00000 - 0x76c2e000 	C:\WINDOWS\system32\credui.dll
0x478c0000 - 0x478ca000 	C:\WINDOWS\system32\dot3api.dll
0x736d0000 - 0x736d6000 	C:\WINDOWS\system32\dot3dlg.dll
0x5dca0000 - 0x5dcc8000 	C:\WINDOWS\system32\OneX.DLL
0x76f50000 - 0x76f58000 	C:\WINDOWS\system32\WTSAPI32.dll
0x76360000 - 0x76370000 	C:\WINDOWS\system32\WINSTA.dll
0x77a80000 - 0x77b17000 	C:\WINDOWS\system32\CRYPT32.dll
0x77b20000 - 0x77b32000 	C:\WINDOWS\system32\MSASN1.dll
0x745b0000 - 0x745d2000 	C:\WINDOWS\system32\eappcfg.dll
0x76080000 - 0x760e5000 	C:\WINDOWS\system32\MSVCP60.dll
0x5dcd0000 - 0x5dcde000 	C:\WINDOWS\system32\eappprxy.dll
0x76ee0000 - 0x76f1c000 	C:\WINDOWS\system32\RASAPI32.dll
0x76e90000 - 0x76ea2000 	C:\WINDOWS\system32\rasman.dll
0x76eb0000 - 0x76edf000 	C:\WINDOWS\system32\TAPI32.dll
0x3d930000 - 0x3da17000 	C:\WINDOWS\system32\WININET.dll
0x03700000 - 0x03709000 	C:\WINDOWS\system32\Normaliz.dll
0x78130000 - 0x78264000 	C:\WINDOWS\system32\urlmon.dll
0x3dfd0000 - 0x3e1bc000 	C:\WINDOWS\system32\iertutil.dll
0x73030000 - 0x73040000 	C:\WINDOWS\system32\WZCSAPI.DLL
0x7db10000 - 0x7db9c000 	C:\WINDOWS\system32\WZCSvc.DLL
0x76d30000 - 0x76d34000 	C:\WINDOWS\system32\WMI.dll
0x7d4b0000 - 0x7d4d2000 	C:\WINDOWS\system32\DHCPCSVC.DLL
0x76f20000 - 0x76f47000 	C:\WINDOWS\system32\DNSAPI.dll
0x72810000 - 0x7281b000 	C:\WINDOWS\system32\EapolQec.dll
0x726c0000 - 0x726d6000 	C:\WINDOWS\system32\QUtil.dll
0x606b0000 - 0x607bd000 	C:\WINDOWS\system32\ESENT.dll
0x71a50000 - 0x71a8f000 	C:\WINDOWS\System32\mswsock.dll
0x76fb0000 - 0x76fb8000 	C:\WINDOWS\System32\winrnr.dll
0x76fc0000 - 0x76fc6000 	C:\WINDOWS\system32\rasadhlp.dll
0x68000000 - 0x68036000 	C:\WINDOWS\system32\rsaenh.dll
0x662b0000 - 0x66308000 	C:\WINDOWS\system32\hnetcfg.dll
0x71a90000 - 0x71a98000 	C:\WINDOWS\System32\wshtcpip.dll
0x6fed0000 - 0x6fedf000 	C:\Program Files\Arduino\java\bin\nio.dll
0x04b40000 - 0x04b7d000 	C:\Documents and Settings\User\Local Settings\Temp\jna-2645995\jna7419004261445255093.dll
0x6d800000 - 0x6d839000 	C:\Program Files\Arduino\java\bin\fontmanager.dll
0x70070000 - 0x700a2000 	C:\Program Files\Arduino\java\bin\t2k.dll
0x76c30000 - 0x76c5e000 	C:\WINDOWS\system32\WINTRUST.dll
0x76c90000 - 0x76cb9000 	C:\WINDOWS\system32\IMAGEHLP.dll
0x78050000 - 0x780b9000 	C:\Program Files\Arduino\msvcp100.dll
0x05c20000 - 0x05cde000 	C:\Program Files\Arduino\msvcr100.dll
0x05cf0000 - 0x05d22000 	C:\Program Files\Arduino\lib\AStylej.dll
0x6d530000 - 0x6d554000 	C:\Program Files\Arduino\java\bin\dcpr.dll
0x76fd0000 - 0x7704f000 	C:\WINDOWS\system32\CLBCATQ.DLL
0x77050000 - 0x77115000 	C:\WINDOWS\system32\COMRes.dll
0x59a60000 - 0x59b01000 	C:\WINDOWS\system32\dbghelp.dll

VM Arguments:
jvm_args: -Dsun.java2d.d3d=false -Djna.nosys=true -DAPP_DIR=C:\Program Files\Arduino -Xms128M -Xmx512M 
java_command: processing.app.Base C:\Documents and Settings\User\Desktop\sign_program\bike-mega\bike-mega.ino
java_class_path (initial): C:\Program Files\Arduino\lib\apple.jar;C:\Program Files\Arduino\lib\arduino-core.jar;C:\Program Files\Arduino\lib\batik-1.8.jar;C:\Program Files\Arduino\lib\batik-anim-1.8.jar;C:\Program Files\Arduino\lib\batik-awt-util-1.8.jar;C:\Program Files\Arduino\lib\batik-bridge-1.8.jar;C:\Program Files\Arduino\lib\batik-codec-1.8.jar;C:\Program Files\Arduino\lib\batik-css-1.8.jar;C:\Program Files\Arduino\lib\batik-dom-1.8.jar;C:\Program Files\Arduino\lib\batik-ext-1.8.jar;C:\Program Files\Arduino\lib\batik-gvt-1.8.jar;C:\Program Files\Arduino\lib\batik-parser-1.8.jar;C:\Program Files\Arduino\lib\batik-rasterizer-1.8.jar;C:\Program Files\Arduino\lib\batik-script-1.8.jar;C:\Program Files\Arduino\lib\batik-squiggle-1.8.jar;C:\Program Files\Arduino\lib\batik-svg-dom-1.8.jar;C:\Program Files\Arduino\lib\batik-svgpp-1.8.jar;C:\Program Files\Arduino\lib\batik-transcoder-1.8.jar;C:\Program Files\Arduino\lib\batik-util-1.8.jar;C:\Program Files\Arduino\lib\batik-xml-1.8.jar;C:\Program Files\Arduino\lib\bcpg-jdk15on-152.jar;C:\Program Files\Arduino\lib\bcprov-jdk15on-152.jar;C:\Program Files\Arduino\lib\commons-codec-1.7.jar;C:\Program Files\Arduino\lib\commons-compress-1.8.jar;C:\Program Files\Arduino\lib\commons-exec-1.1.jar;C:\Program Files\Arduino\lib\commons-httpclient-3.1.jar;C:\Program Files\Arduino\lib\commons-lang3-3.3.2.jar;C:\Program Files\Arduino\lib\commons-logging-1.0.4.jar;C:\Program Files\Arduino\lib\commons-net-3.3.jar;C:\Program Files\Arduino\lib\jackson-annotations-2.6.3.jar;C:\Program Files\Arduino\lib\jackson-core-2.6.3.jar;C:\Program Files\Arduino\lib\jackson-databind-2.6.3.jar;C:\Program Files\Arduino\lib\jackson-module-mrbean-2.6.3.jar;C:\Program Files\Arduino\lib\java-semver-0.8.0.jar;C:\Program Files\Arduino\lib\jmdns-3.4.1.jar;C:\Program Files\Arduino\lib\jna-4.1.0.jar;C:\Program Files\Arduino\lib\jna-platform-4.1.0.jar;C:\Program Files\Arduino\lib\jsch-0.1.50.jar;C:\Program Files\Arduino\lib\jssc-2.8.0.jar;C:\Program Files\Arduin
Launcher Type: SUN_STANDARD

Environment Variables:
PATH=C:\Program Files\Common Files\Siemens\Sqlany;C:\Program Files\Siemens\Step7\S7bin;C:\WINDOWS\system32;C:\WINDOWS;C:\WINDOWS\System32\Wbem;C:\Program Files\Common Files\Roxio Shared\DLLShared\;C:\Program Files\Common Files\Roxio Shared\10.0\DLLShared\;C:\WINDOWS\system32\WindowsPowerShell\v1.0;C:\Program Files\Git\cmd;C:\Program Files\MATLAB\R2015aSP1\runtime\win32;C:\Program Files\MATLAB\R2015aSP1\bin;C:\Program Files\Arduino\java\bin
USERNAME=User
OS=Windows_NT
PROCESSOR_IDENTIFIER=x86 Family 6 Model 23 Stepping 10, GenuineIntel



---------------  S Y S T E M  ---------------

OS: Windows 5.1 Build 2600 (5.1.2600.6532)

CPU:total 2 (2 cores per cpu, 1 threads per core) family 6 model 23 stepping 10, cmov, cx8, fxsr, mmx, sse, sse2, sse3, ssse3, sse4.1, tsc

Memory: 4k page, physical 2051168k(872632k free), swap 3988196k(2801024k free)

vm_info: Java HotSpot(TM) Client VM (25.92-b14) for windows-x86 JRE (1.8.0_92-b14), built on Mar 31 2016 21:09:21 by "java_re" with MS VC++ 10.0 (VS2010)

time: Thu Sep 01 17:23:16 2016
elapsed time: 613 seconds (0d 0h 10m 13s)

